<?xml version='1.0' encoding='UTF-8' ?>
<testsuite name="com.example.nbcsporsassignmentapp.HomeFragmentTest" tests="1" failures="0" errors="0" skipped="0" time="2.442" timestamp="2024-06-26T07:43:09" hostname="localhost">
  <properties>
    <property name="device" value="Pixel_4_API_34(AVD) - 14" />
    <property name="flavor" value="" />
    <property name="project" value=":app" />
  </properties>
  <testcase name="testRecyclerViewDisplaysData" classname="com.example.nbcsporsassignmentapp.HomeFragmentTest" time="0.796" />
</testsuite>